./include/sv_functiontype.h:1: MAJOR:C-H2
./include/sv_functiontype.h:13: MAJOR:C-F5
./include/sv_functiontype.h:14: MAJOR:C-F3
./include/sv_functiontype.h:14: MAJOR:C-F5
./include/sv_functiontype.h:16: MAJOR:C-F3
./include/sv_functiontype.h:17: MAJOR:C-F3
./include/sv_functiontype.h:17: MAJOR:C-F5
./include/sv_functiontype.h:18: MAJOR:C-F3
./include/sv_functiontype.h:19: MAJOR:C-F3
./src/check_client.c:10: MINOR:C-F2
./src/check_client.c:10: MAJOR:C-F3
./src/check_client.c:32: MAJOR:C-F4
./src/check_client.c:35: MINOR:C-F2
./src/check_client.c:35: MAJOR:C-F3
./src/check_client.c:35: MINOR:C-L4
./src/game_logic.c:10: MINOR:C-F2
./src/game_logic.c:10: MAJOR:C-F5
./src/game_logic.c:19: MINOR:C-F2
./src/game_logic.c:19: MAJOR:C-F3
./src/game_logic.c:19: MAJOR:C-F5
./src/game_logic.c:30: MAJOR:C-F3
./src/game_logic.c:37: MAJOR:C-C1
./src/game_logic.c:41: MAJOR:C-F4
./src/game_logic.c:42: MAJOR:C-F4
./src/game_logic.c:43: MAJOR:C-F4
./src/game_logic.c:44: MAJOR:C-F4
./src/game_logic.c:45: MAJOR:C-F4
./src/jet_server.c:10: MINOR:C-F2
./src/jet_server.c:32: MAJOR:C-F4
./src/jet_server.c:35: MINOR:C-F2
./src/jet_server.c:43: MAJOR:C-C1
./src/jet_server.c:54: MINOR:C-F2
./src/jet_server.c:54: MINOR:C-L4
./src/main.c:21: MAJOR:C-C1
./src/main.c:23: MAJOR:C-C1
./src/main.c:32: MAJOR:C-F4
./src/main.c:33: MAJOR:C-F4
./src/map.c:11: MINOR:C-F2
./src/request.c:10: MINOR:C-F2
./src/request.c:15: MINOR:C-F2
./src/request.c:15: MAJOR:C-F3
./src/request.c:22: MINOR:C-F2
./src/request.c:22: MAJOR:C-F3
./src/request.c:22: MAJOR:C-F5
./src/request.c:30: MAJOR:C-F3
./src/request.c:32: MAJOR:C-C1
./src/request.c:35: MAJOR:C-C1
./src/request.c:44: MAJOR:C-F4
./src/request.c:45: MAJOR:C-F4
./src/request.c:46: MAJOR:C-F4
